e:\dev\angus\hellopython\hellopython\release\hellopython.pch
e:\dev\angus\hellopython\hellopython\release\vc120.pdb
e:\dev\angus\hellopython\hellopython\release\stdafx.obj
e:\dev\angus\hellopython\hellopython\release\dllmain.obj
e:\dev\angus\hellopython\hellopython\release\hellopython.obj
e:\backup\python_test\pyqt_tutorial\hellopython\hellopython\release\hellopython.pch
e:\backup\python_test\pyqt_tutorial\hellopython\hellopython\release\vc141.pdb
e:\backup\python_test\pyqt_tutorial\hellopython\hellopython\release\stdafx.obj
e:\backup\python_test\pyqt_tutorial\hellopython\hellopython\release\dllmain.obj
e:\dev\angus\hellopython\release\hellopython.lib
e:\dev\angus\hellopython\release\hellopython.exp
e:\dev\angus\hellopython\release\hellopython.dll
e:\dev\angus\hellopython\release\hellopython.pdb
e:\backup\python_test\pyqt_tutorial\hellopython\hellopython\release\hellopython.obj
e:\backup\python_test\pyqt_tutorial\hellopython\hellopython\release\vc120.pdb
e:\backup\python_test\pyqt_tutorial\hellopython\release\hellopython.pdb
e:\backup\python_test\pyqt_tutorial\hellopython\release\hellopython.dll
e:\backup\python_test\pyqt_tutorial\hellopython\hellopython\release\hellopython.tlog\cl.command.1.tlog
e:\backup\python_test\pyqt_tutorial\hellopython\hellopython\release\hellopython.tlog\cl.read.1.tlog
e:\backup\python_test\pyqt_tutorial\hellopython\hellopython\release\hellopython.tlog\cl.write.1.tlog
e:\backup\python_test\pyqt_tutorial\hellopython\hellopython\release\hellopython.tlog\hellopython.write.1u.tlog
e:\backup\python_test\pyqt_tutorial\hellopython\hellopython\release\hellopython.tlog\link.command.1.tlog
e:\backup\python_test\pyqt_tutorial\hellopython\hellopython\release\hellopython.tlog\link.read.1.tlog
e:\backup\python_test\pyqt_tutorial\hellopython\hellopython\release\hellopython.tlog\link.write.1.tlog
