e:\dev\angus\hellopython\hellopython\debug\hellopython.pch
e:\dev\angus\hellopython\hellopython\debug\vc120.pdb
e:\dev\angus\hellopython\hellopython\debug\vc120.idb
e:\dev\angus\hellopython\hellopython\debug\stdafx.obj
e:\dev\angus\hellopython\hellopython\debug\dllmain.obj
e:\dev\angus\hellopython\hellopython\debug\hellopython.obj
e:\backup\python_test\pyqt_tutorial\hellopython\hellopython\debug\dllmain.obj
e:\backup\python_test\pyqt_tutorial\hellopython\hellopython\debug\hellopython.obj
e:\backup\python_test\pyqt_tutorial\hellopython\hellopython\debug\stdafx.obj
e:\backup\python_test\pyqt_tutorial\hellopython\hellopython\debug\hellopython.pch
e:\backup\python_test\pyqt_tutorial\hellopython\hellopython\debug\vc120.idb
e:\backup\python_test\pyqt_tutorial\hellopython\hellopython\debug\vc120.pdb
e:\backup\python_test\pyqt_tutorial\hellopython\debug\hellopython.pdb
e:\backup\python_test\pyqt_tutorial\hellopython\hellopython\debug\hellopython.tlog\cl.command.1.tlog
e:\backup\python_test\pyqt_tutorial\hellopython\hellopython\debug\hellopython.tlog\cl.read.1.tlog
e:\backup\python_test\pyqt_tutorial\hellopython\hellopython\debug\hellopython.tlog\cl.write.1.tlog
e:\backup\python_test\pyqt_tutorial\hellopython\hellopython\debug\hellopython.tlog\link.25428.read.1.tlog
e:\backup\python_test\pyqt_tutorial\hellopython\hellopython\debug\hellopython.tlog\link.25428.write.1.tlog
e:\backup\python_test\pyqt_tutorial\hellopython\hellopython\debug\hellopython.tlog\link.command.1.tlog
e:\backup\python_test\pyqt_tutorial\hellopython\hellopython\debug\hellopython.tlog\link.read.1.tlog
e:\backup\python_test\pyqt_tutorial\hellopython\hellopython\debug\hellopython.tlog\link.write.1.tlog
